alice writes into 3 distinct namespaces: ['scenario42-dfa23f-0', 'scenario42-dfa23f-1', 'scenario42-dfa23f-2']
settle 10s for namespace index fanout
  node-1 sees 3/3 target namespaces, counts: {'scenario42-dfa23f-0': 2, 'scenario42-dfa23f-1': 2, 'scenario42-dfa23f-2': 2}
  node-2 sees 3/3 target namespaces, counts: {'scenario42-dfa23f-0': 2, 'scenario42-dfa23f-1': 2, 'scenario42-dfa23f-2': 2}
Traceback (most recent call last):
  File "/home/runner/work/ai-memory-ai2ai-gate/ai-memory-ai2ai-gate/scripts/scenarios/42_namespaces_enumeration.py", line 73, in <module>
    main()
  File "/home/runner/work/ai-memory-ai2ai-gate/ai-memory-ai2ai-gate/scripts/scenarios/42_namespaces_enumeration.py", line 37, in main
    _, resp = h.http_on(ip, "GET", "/api/v1/namespaces?limit=200")
              ^^^^^^^^^^^^^^^^^^^^^^^^^^^^^^^^^^^^^^^^^^^^^^^^^^^^
  File "/home/runner/work/ai-memory-ai2ai-gate/ai-memory-ai2ai-gate/scripts/a2a_harness.py", line 136, in http_on
    result = self.ssh_exec(node_ip, remote_cmd, timeout=timeout)
             ^^^^^^^^^^^^^^^^^^^^^^^^^^^^^^^^^^^^^^^^^^^^^^^^^^^
  File "/home/runner/work/ai-memory-ai2ai-gate/ai-memory-ai2ai-gate/scripts/a2a_harness.py", line 78, in ssh_exec
    return subprocess.run(
           ^^^^^^^^^^^^^^^
  File "/usr/lib/python3.12/subprocess.py", line 550, in run
    stdout, stderr = process.communicate(input, timeout=timeout)
                     ^^^^^^^^^^^^^^^^^^^^^^^^^^^^^^^^^^^^^^^^^^^
  File "/usr/lib/python3.12/subprocess.py", line 1209, in communicate
    stdout, stderr = self._communicate(input, endtime, timeout)
                     ^^^^^^^^^^^^^^^^^^^^^^^^^^^^^^^^^^^^^^^^^^
  File "/usr/lib/python3.12/subprocess.py", line 2116, in _communicate
    self._check_timeout(endtime, orig_timeout, stdout, stderr)
  File "/usr/lib/python3.12/subprocess.py", line 1253, in _check_timeout
    raise TimeoutExpired(
subprocess.TimeoutExpired: Command '['ssh', '-o', 'StrictHostKeyChecking=no', '-o', 'ConnectTimeout=10', '-o', 'ServerAliveInterval=5', 'root@167.99.59.68', "curl -sS -X GET 'http://127.0.0.1:9077/api/v1/namespaces?limit=200' -H 'Content-Type: application/json'"]' timed out after 30 seconds
